<?xml version="1.0" encoding="UTF-8"?>
<!-- Generated by org.testng.reporters.JUnitXMLReporter -->
<testsuite hostname="G10GGNLT052" name="Test" tests="1" failures="1" timestamp="6 Jan 2020 06:58:58 GMT" time="0.032" errors="0">
  <testcase name="test" time="0.015" classname="Test.Test.Test1">
    <failure type="java.lang.Error" message="Unresolved compilation problems: 
	The method getFirefoxDriverPath() is undefined for the type Test1
	downloadPath cannot be resolved to a variable
	downloadPath cannot be resolved to a variable
">
      <![CDATA[java.lang.Error: Unresolved compilation problems: 
	The method getFirefoxDriverPath() is undefined for the type Test1
	downloadPath cannot be resolved to a variable
	downloadPath cannot be resolved to a variable

	at Test.Test.Test1.test(Test1.java:14)
... Removed 24 stack frames]]>
    </failure>
  </testcase> <!-- test -->
</testsuite> <!-- Test -->
