<?xml version="1.0" encoding="UTF-8" ?>
<testsuite tests="1" failures="1" name="TestSuite" time="2.287" errors="0" skipped="0">
  <properties>
[...]
</properties>
  <testcase classname="Test.Test.Test1" name="test" time="2.287">
    <failure message="The driver executable does not exist: D:\opt\Katalon_Studio\Katalon_Studio_Linux_64-6.1.1\configuration\resources\drivers\firefox_linux64\geckodriver" type="java.lang.IllegalStateException">java.lang.IllegalStateException: The driver executable does not exist: D:\opt\Katalon_Studio\Katalon_Studio_Linux_64-6.1.1\configuration\resources\drivers\firefox_linux64\geckodriver
	at com.google.common.base.Preconditions.checkState(Preconditions.java:585)
	at org.openqa.selenium.remote.service.DriverService.checkExecutable(DriverService.java:146)
	at org.openqa.selenium.remote.service.DriverService.findExecutable(DriverService.java:141)
	at org.openqa.selenium.firefox.GeckoDriverService.access$100(GeckoDriverService.java:44)
	at org.openqa.selenium.firefox.GeckoDriverService$Builder.findDefaultExecutable(GeckoDriverService.java:167)
	at org.openqa.selenium.remote.service.DriverService$Builder.build(DriverService.java:355)
	at org.openqa.selenium.firefox.FirefoxDriver.toExecutor(FirefoxDriver.java:190)
	at org.openqa.selenium.firefox.FirefoxDriver.&lt;init&gt;(FirefoxDriver.java:147)
	at Test.Test.Test1.test(Test1.java:41)
</failure>
    <system-out>Test
</system-out>
  </testcase>
</testsuite>