<?xml version="1.0" encoding="UTF-8"?>
<testng-results skipped="0" failed="0" total="1" passed="1">
  <reporter-output>
  </reporter-output>
  <suite name="Suite" duration-ms="13449" started-at="2020-01-06T07:31:20Z" finished-at="2020-01-06T07:31:33Z">
    <groups>
    </groups>
    <test name="Test" duration-ms="13449" started-at="2020-01-06T07:31:20Z" finished-at="2020-01-06T07:31:33Z">
      <class name="Test.Test.Test1">
        <test-method status="PASS" signature="test()[pri:0, instance:Test.Test.Test1@59a6e353]" name="test" duration-ms="13435" started-at="2020-01-06T13:01:20Z" finished-at="2020-01-06T13:01:33Z">
          <reporter-output>
          </reporter-output>
        </test-method> <!-- test -->
      </class> <!-- Test.Test.Test1 -->
    </test> <!-- Test -->
  </suite> <!-- Suite -->
</testng-results>
