<?xml version="1.0" encoding="UTF-8"?>
<testng-results skipped="0" failed="0" total="1" passed="1">
  <reporter-output>
  </reporter-output>
  <suite name="Suite" duration-ms="11015" started-at="2020-01-06T08:17:16Z" finished-at="2020-01-06T08:17:27Z">
    <groups>
    </groups>
    <test name="Test" duration-ms="11015" started-at="2020-01-06T08:17:16Z" finished-at="2020-01-06T08:17:27Z">
      <class name="Test.Test.Test1">
        <test-method status="PASS" signature="test()[pri:0, instance:Test.Test.Test1@3834d63f]" name="test" duration-ms="11001" started-at="2020-01-06T13:47:16Z" finished-at="2020-01-06T13:47:27Z">
          <reporter-output>
          </reporter-output>
        </test-method> <!-- test -->
      </class> <!-- Test.Test.Test1 -->
    </test> <!-- Test -->
  </suite> <!-- Suite -->
</testng-results>
